<?xml version="1.0" encoding="UTF-8"?>
<!-- Generated by org.testng.reporters.JUnitXMLReporter -->
<testsuite ignored="0" hostname="MilanThakkar" failures="0" tests="4" name="Default test" time="18.994" errors="0" timestamp="2022-03-25T18:41:05 EDT">
  <testcase classname="facebookTest.LoginTest" name="loginPageTitleTest" time="0.01"/>
  <testcase classname="facebookTest.LoginTest" name="loginPageLogoTest" time="0.06"/>
  <testcase classname="facebookTest.LoginTest" name="loginCredentialTest" time="1.06"/>
  <testcase classname="facebookTest.LoginTest" name="verifySignUpTest" time="0.395"/>
</testsuite> <!-- Default test -->
