<?xml version="1.0" encoding="UTF-8"?>
<testng-results ignored="0" total="4" passed="4" failed="0" skipped="0">
  <reporter-output>
  </reporter-output>
  <suite started-at="2022-03-25T18:40:46 EDT" name="Default suite" finished-at="2022-03-25T18:41:05 EDT" duration-ms="18994">
    <groups>
    </groups>
    <test started-at="2022-03-25T18:40:46 EDT" name="Default test" finished-at="2022-03-25T18:41:05 EDT" duration-ms="18994">
      <class name="facebookTest.LoginTest">
        <test-method is-config="true" signature="setUp()[pri:0, instance:facebookTest.LoginTest@7fee8714]" started-at="2022-03-25T18:40:46 EDT" name="setUp" finished-at="2022-03-25T18:40:51 EDT" duration-ms="4652" status="PASS">
          <reporter-output>
          </reporter-output>
        </test-method> <!-- setUp -->
        <test-method signature="loginPageTitleTest()[pri:1, instance:facebookTest.LoginTest@7fee8714]" started-at="2022-03-25T18:40:51 EDT" name="loginPageTitleTest" finished-at="2022-03-25T18:40:51 EDT" duration-ms="10" status="PASS">
          <reporter-output>
          </reporter-output>
        </test-method> <!-- loginPageTitleTest -->
        <test-method is-config="true" signature="tearUp()[pri:0, instance:facebookTest.LoginTest@7fee8714]" started-at="2022-03-25T18:40:51 EDT" name="tearUp" finished-at="2022-03-25T18:40:52 EDT" duration-ms="683" status="PASS">
          <reporter-output>
          </reporter-output>
        </test-method> <!-- tearUp -->
        <test-method is-config="true" signature="setUp()[pri:0, instance:facebookTest.LoginTest@7fee8714]" started-at="2022-03-25T18:40:52 EDT" name="setUp" finished-at="2022-03-25T18:40:55 EDT" duration-ms="3401" status="PASS">
          <reporter-output>
          </reporter-output>
        </test-method> <!-- setUp -->
        <test-method signature="loginPageLogoTest()[pri:2, instance:facebookTest.LoginTest@7fee8714]" started-at="2022-03-25T18:40:55 EDT" name="loginPageLogoTest" finished-at="2022-03-25T18:40:55 EDT" duration-ms="60" status="PASS">
          <reporter-output>
          </reporter-output>
        </test-method> <!-- loginPageLogoTest -->
        <test-method is-config="true" signature="tearUp()[pri:0, instance:facebookTest.LoginTest@7fee8714]" started-at="2022-03-25T18:40:55 EDT" name="tearUp" finished-at="2022-03-25T18:40:56 EDT" duration-ms="664" status="PASS">
          <reporter-output>
          </reporter-output>
        </test-method> <!-- tearUp -->
        <test-method is-config="true" signature="setUp()[pri:0, instance:facebookTest.LoginTest@7fee8714]" started-at="2022-03-25T18:40:56 EDT" name="setUp" finished-at="2022-03-25T18:40:59 EDT" duration-ms="3361" status="PASS">
          <reporter-output>
          </reporter-output>
        </test-method> <!-- setUp -->
        <test-method signature="loginCredentialTest()[pri:3, instance:facebookTest.LoginTest@7fee8714]" started-at="2022-03-25T18:40:59 EDT" name="loginCredentialTest" finished-at="2022-03-25T18:41:00 EDT" duration-ms="1060" status="PASS">
          <reporter-output>
          </reporter-output>
        </test-method> <!-- loginCredentialTest -->
        <test-method is-config="true" signature="tearUp()[pri:0, instance:facebookTest.LoginTest@7fee8714]" started-at="2022-03-25T18:41:00 EDT" name="tearUp" finished-at="2022-03-25T18:41:01 EDT" duration-ms="669" status="PASS">
          <reporter-output>
          </reporter-output>
        </test-method> <!-- tearUp -->
        <test-method is-config="true" signature="setUp()[pri:0, instance:facebookTest.LoginTest@7fee8714]" started-at="2022-03-25T18:41:01 EDT" name="setUp" finished-at="2022-03-25T18:41:04 EDT" duration-ms="3387" status="PASS">
          <reporter-output>
          </reporter-output>
        </test-method> <!-- setUp -->
        <test-method signature="verifySignUpTest()[pri:4, instance:facebookTest.LoginTest@7fee8714]" started-at="2022-03-25T18:41:04 EDT" name="verifySignUpTest" finished-at="2022-03-25T18:41:05 EDT" duration-ms="395" status="PASS">
          <reporter-output>
          </reporter-output>
        </test-method> <!-- verifySignUpTest -->
        <test-method is-config="true" signature="tearUp()[pri:0, instance:facebookTest.LoginTest@7fee8714]" started-at="2022-03-25T18:41:05 EDT" name="tearUp" finished-at="2022-03-25T18:41:05 EDT" duration-ms="613" status="PASS">
          <reporter-output>
          </reporter-output>
        </test-method> <!-- tearUp -->
      </class> <!-- facebookTest.LoginTest -->
    </test> <!-- Default test -->
  </suite> <!-- Default suite -->
</testng-results>
